<?xml version="1.0" encoding="UTF-8"?>
<!-- Generated by org.testng.reporters.JUnitReportReporter -->
<testsuite skipped="0" hostname="LAPTOP-803BMGAC" name="com.training.sanity.tests.Registration" tests="1" failures="0" timestamp="10 Dec 2019 12:44:35 GMT" time="38.960" errors="0">
  <testcase name="registrationTest" time="38.960" classname="com.training.sanity.tests.Registration"/>
</testsuite> <!-- com.training.sanity.tests.Registration -->
