<?xml version="1.0" encoding="UTF-8"?>
<!-- Generated by org.testng.reporters.JUnitReportReporter -->
<testsuite skipped="0" hostname="LAPTOP-803BMGAC" name="com.training.sanity.tests.Forgotpwd" tests="1" failures="0" timestamp="10 Dec 2019 12:51:18 GMT" time="28.440" errors="0">
  <testcase name="validLoginTest" time="28.440" classname="com.training.sanity.tests.Forgotpwd"/>
</testsuite> <!-- com.training.sanity.tests.Forgotpwd -->
